<?xml version="1.0" encoding="UTF-8"?>
<testsuite xmlns:xsi="http://www.w3.org/2001/XMLSchema-instance" xsi:noNamespaceSchemaLocation="https://maven.apache.org/surefire/maven-surefire-plugin/xsd/surefire-test-report-3.0.xsd" version="3.0" name="com.qub.Technopoly.dice.RandomDiceTest" time="0.069" tests="200" errors="0" skipped="0" failures="0">
  <properties>
[...]
</properties>
  <testcase name="rollReturnsValuesGreaterThanOrEqualToMaxRoll[1]" classname="com.qub.Technopoly.dice.RandomDiceTest" time="0"/>
  <testcase name="rollReturnsValuesGreaterThanOrEqualToMaxRoll[2]" classname="com.qub.Technopoly.dice.RandomDiceTest" time="0"/>
  <testcase name="rollReturnsValuesGreaterThanOrEqualToMaxRoll[3]" classname="com.qub.Technopoly.dice.RandomDiceTest" time="0"/>
  <testcase name="rollReturnsValuesGreaterThanOrEqualToMaxRoll[4]" classname="com.qub.Technopoly.dice.RandomDiceTest" time="0"/>
  <testcase name="rollReturnsValuesGreaterThanOrEqualToMaxRoll[5]" classname="com.qub.Technopoly.dice.RandomDiceTest" time="0"/>
  <testcase name="rollReturnsValuesGreaterThanOrEqualToMaxRoll[6]" classname="com.qub.Technopoly.dice.RandomDiceTest" time="0"/>
  <testcase name="rollReturnsValuesGreaterThanOrEqualToMaxRoll[7]" classname="com.qub.Technopoly.dice.RandomDiceTest" time="0"/>
  <testcase name="rollReturnsValuesGreaterThanOrEqualToMaxRoll[8]" classname="com.qub.Technopoly.dice.RandomDiceTest" time="0"/>
  <testcase name="rollReturnsValuesGreaterThanOrEqualToMaxRoll[9]" classname="com.qub.Technopoly.dice.RandomDiceTest" time="0"/>
  <testcase name="rollReturnsValuesGreaterThanOrEqualToMaxRoll[10]" classname="com.qub.Technopoly.dice.RandomDiceTest" time="0"/>
  <testcase name="rollReturnsValuesGreaterThanOrEqualToMaxRoll[11]" classname="com.qub.Technopoly.dice.RandomDiceTest" time="0"/>
  <testcase name="rollReturnsValuesGreaterThanOrEqualToMaxRoll[12]" classname="com.qub.Technopoly.dice.RandomDiceTest" time="0"/>
  <testcase name="rollReturnsValuesGreaterThanOrEqualToMaxRoll[13]" classname="com.qub.Technopoly.dice.RandomDiceTest" time="0"/>
  <testcase name="rollReturnsValuesGreaterThanOrEqualToMaxRoll[14]" classname="com.qub.Technopoly.dice.RandomDiceTest" time="0"/>
  <testcase name="rollReturnsValuesGreaterThanOrEqualToMaxRoll[15]" classname="com.qub.Technopoly.dice.RandomDiceTest" time="0"/>
  <testcase name="rollReturnsValuesGreaterThanOrEqualToMaxRoll[16]" classname="com.qub.Technopoly.dice.RandomDiceTest" time="0"/>
  <testcase name="rollReturnsValuesGreaterThanOrEqualToMaxRoll[17]" classname="com.qub.Technopoly.dice.RandomDiceTest" time="0"/>
  <testcase name="rollReturnsValuesGreaterThanOrEqualToMaxRoll[18]" classname="com.qub.Technopoly.dice.RandomDiceTest" time="0"/>
  <testcase name="rollReturnsValuesGreaterThanOrEqualToMaxRoll[19]" classname="com.qub.Technopoly.dice.RandomDiceTest" time="0"/>
  <testcase name="rollReturnsValuesGreaterThanOrEqualToMaxRoll[20]" classname="com.qub.Technopoly.dice.RandomDiceTest" time="0"/>
  <testcase name="rollReturnsValuesGreaterThanOrEqualToMaxRoll[21]" classname="com.qub.Technopoly.dice.RandomDiceTest" time="0"/>
  <testcase name="rollReturnsValuesGreaterThanOrEqualToMaxRoll[22]" classname="com.qub.Technopoly.dice.RandomDiceTest" time="0"/>
  <testcase name="rollReturnsValuesGreaterThanOrEqualToMaxRoll[23]" classname="com.qub.Technopoly.dice.RandomDiceTest" time="0"/>
  <testcase name="rollReturnsValuesGreaterThanOrEqualToMaxRoll[24]" classname="com.qub.Technopoly.dice.RandomDiceTest" time="0"/>
  <testcase name="rollReturnsValuesGreaterThanOrEqualToMaxRoll[25]" classname="com.qub.Technopoly.dice.RandomDiceTest" time="0"/>
  <testcase name="rollReturnsValuesGreaterThanOrEqualToMaxRoll[26]" classname="com.qub.Technopoly.dice.RandomDiceTest" time="0"/>
  <testcase name="rollReturnsValuesGreaterThanOrEqualToMaxRoll[27]" classname="com.qub.Technopoly.dice.RandomDiceTest" time="0"/>
  <testcase name="rollReturnsValuesGreaterThanOrEqualToMaxRoll[28]" classname="com.qub.Technopoly.dice.RandomDiceTest" time="0.001"/>
  <testcase name="rollReturnsValuesGreaterThanOrEqualToMaxRoll[29]" classname="com.qub.Technopoly.dice.RandomDiceTest" time="0"/>
  <testcase name="rollReturnsValuesGreaterThanOrEqualToMaxRoll[30]" classname="com.qub.Technopoly.dice.RandomDiceTest" time="0"/>
  <testcase name="rollReturnsValuesGreaterThanOrEqualToMaxRoll[31]" classname="com.qub.Technopoly.dice.RandomDiceTest" time="0"/>
  <testcase name="rollReturnsValuesGreaterThanOrEqualToMaxRoll[32]" classname="com.qub.Technopoly.dice.RandomDiceTest" time="0"/>
  <testcase name="rollReturnsValuesGreaterThanOrEqualToMaxRoll[33]" classname="com.qub.Technopoly.dice.RandomDiceTest" time="0"/>
  <testcase name="rollReturnsValuesGreaterThanOrEqualToMaxRoll[34]" classname="com.qub.Technopoly.dice.RandomDiceTest" time="0"/>
  <testcase name="rollReturnsValuesGreaterThanOrEqualToMaxRoll[35]" classname="com.qub.Technopoly.dice.RandomDiceTest" time="0"/>
  <testcase name="rollReturnsValuesGreaterThanOrEqualToMaxRoll[36]" classname="com.qub.Technopoly.dice.RandomDiceTest" time="0.001"/>
  <testcase name="rollReturnsValuesGreaterThanOrEqualToMaxRoll[37]" classname="com.qub.Technopoly.dice.RandomDiceTest" time="0"/>
  <testcase name="rollReturnsValuesGreaterThanOrEqualToMaxRoll[38]" classname="com.qub.Technopoly.dice.RandomDiceTest" time="0"/>
  <testcase name="rollReturnsValuesGreaterThanOrEqualToMaxRoll[39]" classname="com.qub.Technopoly.dice.RandomDiceTest" time="0"/>
  <testcase name="rollReturnsValuesGreaterThanOrEqualToMaxRoll[40]" classname="com.qub.Technopoly.dice.RandomDiceTest" time="0"/>
  <testcase name="rollReturnsValuesGreaterThanOrEqualToMaxRoll[41]" classname="com.qub.Technopoly.dice.RandomDiceTest" time="0"/>
  <testcase name="rollReturnsValuesGreaterThanOrEqualToMaxRoll[42]" classname="com.qub.Technopoly.dice.RandomDiceTest" time="0"/>
  <testcase name="rollReturnsValuesGreaterThanOrEqualToMaxRoll[43]" classname="com.qub.Technopoly.dice.RandomDiceTest" time="0"/>
  <testcase name="rollReturnsValuesGreaterThanOrEqualToMaxRoll[44]" classname="com.qub.Technopoly.dice.RandomDiceTest" time="0"/>
  <testcase name="rollReturnsValuesGreaterThanOrEqualToMaxRoll[45]" classname="com.qub.Technopoly.dice.RandomDiceTest" time="0.001"/>
  <testcase name="rollReturnsValuesGreaterThanOrEqualToMaxRoll[46]" classname="com.qub.Technopoly.dice.RandomDiceTest" time="0"/>
  <testcase name="rollReturnsValuesGreaterThanOrEqualToMaxRoll[47]" classname="com.qub.Technopoly.dice.RandomDiceTest" time="0"/>
  <testcase name="rollReturnsValuesGreaterThanOrEqualToMaxRoll[48]" classname="com.qub.Technopoly.dice.RandomDiceTest" time="0"/>
  <testcase name="rollReturnsValuesGreaterThanOrEqualToMaxRoll[49]" classname="com.qub.Technopoly.dice.RandomDiceTest" time="0"/>
  <testcase name="rollReturnsValuesGreaterThanOrEqualToMaxRoll[50]" classname="com.qub.Technopoly.dice.RandomDiceTest" time="0"/>
  <testcase name="rollReturnsValuesGreaterThanOrEqualToMaxRoll[51]" classname="com.qub.Technopoly.dice.RandomDiceTest" time="0"/>
  <testcase name="rollReturnsValuesGreaterThanOrEqualToMaxRoll[52]" classname="com.qub.Technopoly.dice.RandomDiceTest" time="0"/>
  <testcase name="rollReturnsValuesGreaterThanOrEqualToMaxRoll[53]" classname="com.qub.Technopoly.dice.RandomDiceTest" time="0.001"/>
  <testcase name="rollReturnsValuesGreaterThanOrEqualToMaxRoll[54]" classname="com.qub.Technopoly.dice.RandomDiceTest" time="0"/>
  <testcase name="rollReturnsValuesGreaterThanOrEqualToMaxRoll[55]" classname="com.qub.Technopoly.dice.RandomDiceTest" time="0"/>
  <testcase name="rollReturnsValuesGreaterThanOrEqualToMaxRoll[56]" classname="com.qub.Technopoly.dice.RandomDiceTest" time="0"/>
  <testcase name="rollReturnsValuesGreaterThanOrEqualToMaxRoll[57]" classname="com.qub.Technopoly.dice.RandomDiceTest" time="0"/>
  <testcase name="rollReturnsValuesGreaterThanOrEqualToMaxRoll[58]" classname="com.qub.Technopoly.dice.RandomDiceTest" time="0"/>
  <testcase name="rollReturnsValuesGreaterThanOrEqualToMaxRoll[59]" classname="com.qub.Technopoly.dice.RandomDiceTest" time="0"/>
  <testcase name="rollReturnsValuesGreaterThanOrEqualToMaxRoll[60]" classname="com.qub.Technopoly.dice.RandomDiceTest" time="0"/>
  <testcase name="rollReturnsValuesGreaterThanOrEqualToMaxRoll[61]" classname="com.qub.Technopoly.dice.RandomDiceTest" time="0"/>
  <testcase name="rollReturnsValuesGreaterThanOrEqualToMaxRoll[62]" classname="com.qub.Technopoly.dice.RandomDiceTest" time="0"/>
  <testcase name="rollReturnsValuesGreaterThanOrEqualToMaxRoll[63]" classname="com.qub.Technopoly.dice.RandomDiceTest" time="0"/>
  <testcase name="rollReturnsValuesGreaterThanOrEqualToMaxRoll[64]" classname="com.qub.Technopoly.dice.RandomDiceTest" time="0.001"/>
  <testcase name="rollReturnsValuesGreaterThanOrEqualToMaxRoll[65]" classname="com.qub.Technopoly.dice.RandomDiceTest" time="0"/>
  <testcase name="rollReturnsValuesGreaterThanOrEqualToMaxRoll[66]" classname="com.qub.Technopoly.dice.RandomDiceTest" time="0"/>
  <testcase name="rollReturnsValuesGreaterThanOrEqualToMaxRoll[67]" classname="com.qub.Technopoly.dice.RandomDiceTest" time="0"/>
  <testcase name="rollReturnsValuesGreaterThanOrEqualToMaxRoll[68]" classname="com.qub.Technopoly.dice.RandomDiceTest" time="0"/>
  <testcase name="rollReturnsValuesGreaterThanOrEqualToMaxRoll[69]" classname="com.qub.Technopoly.dice.RandomDiceTest" time="0"/>
  <testcase name="rollReturnsValuesGreaterThanOrEqualToMaxRoll[70]" classname="com.qub.Technopoly.dice.RandomDiceTest" time="0.001"/>
  <testcase name="rollReturnsValuesGreaterThanOrEqualToMaxRoll[71]" classname="com.qub.Technopoly.dice.RandomDiceTest" time="0"/>
  <testcase name="rollReturnsValuesGreaterThanOrEqualToMaxRoll[72]" classname="com.qub.Technopoly.dice.RandomDiceTest" time="0"/>
  <testcase name="rollReturnsValuesGreaterThanOrEqualToMaxRoll[73]" classname="com.qub.Technopoly.dice.RandomDiceTest" time="0"/>
  <testcase name="rollReturnsValuesGreaterThanOrEqualToMaxRoll[74]" classname="com.qub.Technopoly.dice.RandomDiceTest" time="0"/>
  <testcase name="rollReturnsValuesGreaterThanOrEqualToMaxRoll[75]" classname="com.qub.Technopoly.dice.RandomDiceTest" time="0"/>
  <testcase name="rollReturnsValuesGreaterThanOrEqualToMaxRoll[76]" classname="com.qub.Technopoly.dice.RandomDiceTest" time="0"/>
  <testcase name="rollReturnsValuesGreaterThanOrEqualToMaxRoll[77]" classname="com.qub.Technopoly.dice.RandomDiceTest" time="0"/>
  <testcase name="rollReturnsValuesGreaterThanOrEqualToMaxRoll[78]" classname="com.qub.Technopoly.dice.RandomDiceTest" time="0"/>
  <testcase name="rollReturnsValuesGreaterThanOrEqualToMaxRoll[79]" classname="com.qub.Technopoly.dice.RandomDiceTest" time="0"/>
  <testcase name="rollReturnsValuesGreaterThanOrEqualToMaxRoll[80]" classname="com.qub.Technopoly.dice.RandomDiceTest" time="0"/>
  <testcase name="rollReturnsValuesGreaterThanOrEqualToMaxRoll[81]" classname="com.qub.Technopoly.dice.RandomDiceTest" time="0"/>
  <testcase name="rollReturnsValuesGreaterThanOrEqualToMaxRoll[82]" classname="com.qub.Technopoly.dice.RandomDiceTest" time="0"/>
  <testcase name="rollReturnsValuesGreaterThanOrEqualToMaxRoll[83]" classname="com.qub.Technopoly.dice.RandomDiceTest" time="0"/>
  <testcase name="rollReturnsValuesGreaterThanOrEqualToMaxRoll[84]" classname="com.qub.Technopoly.dice.RandomDiceTest" time="0"/>
  <testcase name="rollReturnsValuesGreaterThanOrEqualToMaxRoll[85]" classname="com.qub.Technopoly.dice.RandomDiceTest" time="0"/>
  <testcase name="rollReturnsValuesGreaterThanOrEqualToMaxRoll[86]" classname="com.qub.Technopoly.dice.RandomDiceTest" time="0"/>
  <testcase name="rollReturnsValuesGreaterThanOrEqualToMaxRoll[87]" classname="com.qub.Technopoly.dice.RandomDiceTest" time="0"/>
  <testcase name="rollReturnsValuesGreaterThanOrEqualToMaxRoll[88]" classname="com.qub.Technopoly.dice.RandomDiceTest" time="0"/>
  <testcase name="rollReturnsValuesGreaterThanOrEqualToMaxRoll[89]" classname="com.qub.Technopoly.dice.RandomDiceTest" time="0"/>
  <testcase name="rollReturnsValuesGreaterThanOrEqualToMaxRoll[90]" classname="com.qub.Technopoly.dice.RandomDiceTest" time="0"/>
  <testcase name="rollReturnsValuesGreaterThanOrEqualToMaxRoll[91]" classname="com.qub.Technopoly.dice.RandomDiceTest" time="0"/>
  <testcase name="rollReturnsValuesGreaterThanOrEqualToMaxRoll[92]" classname="com.qub.Technopoly.dice.RandomDiceTest" time="0"/>
  <testcase name="rollReturnsValuesGreaterThanOrEqualToMaxRoll[93]" classname="com.qub.Technopoly.dice.RandomDiceTest" time="0"/>
  <testcase name="rollReturnsValuesGreaterThanOrEqualToMaxRoll[94]" classname="com.qub.Technopoly.dice.RandomDiceTest" time="0"/>
  <testcase name="rollReturnsValuesGreaterThanOrEqualToMaxRoll[95]" classname="com.qub.Technopoly.dice.RandomDiceTest" time="0"/>
  <testcase name="rollReturnsValuesGreaterThanOrEqualToMaxRoll[96]" classname="com.qub.Technopoly.dice.RandomDiceTest" time="0"/>
  <testcase name="rollReturnsValuesGreaterThanOrEqualToMaxRoll[97]" classname="com.qub.Technopoly.dice.RandomDiceTest" time="0"/>
  <testcase name="rollReturnsValuesGreaterThanOrEqualToMaxRoll[98]" classname="com.qub.Technopoly.dice.RandomDiceTest" time="0"/>
  <testcase name="rollReturnsValuesGreaterThanOrEqualToMaxRoll[99]" classname="com.qub.Technopoly.dice.RandomDiceTest" time="0"/>
  <testcase name="rollReturnsValuesGreaterThanOrEqualToMaxRoll[100]" classname="com.qub.Technopoly.dice.RandomDiceTest" time="0"/>
  <testcase name="rollReturnsValuesGreaterThanOrEqualToMinRoll[1]" classname="com.qub.Technopoly.dice.RandomDiceTest" time="0"/>
  <testcase name="rollReturnsValuesGreaterThanOrEqualToMinRoll[2]" classname="com.qub.Technopoly.dice.RandomDiceTest" time="0"/>
  <testcase name="rollReturnsValuesGreaterThanOrEqualToMinRoll[3]" classname="com.qub.Technopoly.dice.RandomDiceTest" time="0"/>
  <testcase name="rollReturnsValuesGreaterThanOrEqualToMinRoll[4]" classname="com.qub.Technopoly.dice.RandomDiceTest" time="0"/>
  <testcase name="rollReturnsValuesGreaterThanOrEqualToMinRoll[5]" classname="com.qub.Technopoly.dice.RandomDiceTest" time="0"/>
  <testcase name="rollReturnsValuesGreaterThanOrEqualToMinRoll[6]" classname="com.qub.Technopoly.dice.RandomDiceTest" time="0"/>
  <testcase name="rollReturnsValuesGreaterThanOrEqualToMinRoll[7]" classname="com.qub.Technopoly.dice.RandomDiceTest" time="0"/>
  <testcase name="rollReturnsValuesGreaterThanOrEqualToMinRoll[8]" classname="com.qub.Technopoly.dice.RandomDiceTest" time="0"/>
  <testcase name="rollReturnsValuesGreaterThanOrEqualToMinRoll[9]" classname="com.qub.Technopoly.dice.RandomDiceTest" time="0.001"/>
  <testcase name="rollReturnsValuesGreaterThanOrEqualToMinRoll[10]" classname="com.qub.Technopoly.dice.RandomDiceTest" time="0"/>
  <testcase name="rollReturnsValuesGreaterThanOrEqualToMinRoll[11]" classname="com.qub.Technopoly.dice.RandomDiceTest" time="0"/>
  <testcase name="rollReturnsValuesGreaterThanOrEqualToMinRoll[12]" classname="com.qub.Technopoly.dice.RandomDiceTest" time="0"/>
  <testcase name="rollReturnsValuesGreaterThanOrEqualToMinRoll[13]" classname="com.qub.Technopoly.dice.RandomDiceTest" time="0"/>
  <testcase name="rollReturnsValuesGreaterThanOrEqualToMinRoll[14]" classname="com.qub.Technopoly.dice.RandomDiceTest" time="0"/>
  <testcase name="rollReturnsValuesGreaterThanOrEqualToMinRoll[15]" classname="com.qub.Technopoly.dice.RandomDiceTest" time="0"/>
  <testcase name="rollReturnsValuesGreaterThanOrEqualToMinRoll[16]" classname="com.qub.Technopoly.dice.RandomDiceTest" time="0"/>
  <testcase name="rollReturnsValuesGreaterThanOrEqualToMinRoll[17]" classname="com.qub.Technopoly.dice.RandomDiceTest" time="0"/>
  <testcase name="rollReturnsValuesGreaterThanOrEqualToMinRoll[18]" classname="com.qub.Technopoly.dice.RandomDiceTest" time="0"/>
  <testcase name="rollReturnsValuesGreaterThanOrEqualToMinRoll[19]" classname="com.qub.Technopoly.dice.RandomDiceTest" time="0"/>
  <testcase name="rollReturnsValuesGreaterThanOrEqualToMinRoll[20]" classname="com.qub.Technopoly.dice.RandomDiceTest" time="0.001"/>
  <testcase name="rollReturnsValuesGreaterThanOrEqualToMinRoll[21]" classname="com.qub.Technopoly.dice.RandomDiceTest" time="0"/>
  <testcase name="rollReturnsValuesGreaterThanOrEqualToMinRoll[22]" classname="com.qub.Technopoly.dice.RandomDiceTest" time="0.001"/>
  <testcase name="rollReturnsValuesGreaterThanOrEqualToMinRoll[23]" classname="com.qub.Technopoly.dice.RandomDiceTest" time="0"/>
  <testcase name="rollReturnsValuesGreaterThanOrEqualToMinRoll[24]" classname="com.qub.Technopoly.dice.RandomDiceTest" time="0.001"/>
  <testcase name="rollReturnsValuesGreaterThanOrEqualToMinRoll[25]" classname="com.qub.Technopoly.dice.RandomDiceTest" time="0"/>
  <testcase name="rollReturnsValuesGreaterThanOrEqualToMinRoll[26]" classname="com.qub.Technopoly.dice.RandomDiceTest" time="0"/>
  <testcase name="rollReturnsValuesGreaterThanOrEqualToMinRoll[27]" classname="com.qub.Technopoly.dice.RandomDiceTest" time="0.001"/>
  <testcase name="rollReturnsValuesGreaterThanOrEqualToMinRoll[28]" classname="com.qub.Technopoly.dice.RandomDiceTest" time="0"/>
  <testcase name="rollReturnsValuesGreaterThanOrEqualToMinRoll[29]" classname="com.qub.Technopoly.dice.RandomDiceTest" time="0"/>
  <testcase name="rollReturnsValuesGreaterThanOrEqualToMinRoll[30]" classname="com.qub.Technopoly.dice.RandomDiceTest" time="0"/>
  <testcase name="rollReturnsValuesGreaterThanOrEqualToMinRoll[31]" classname="com.qub.Technopoly.dice.RandomDiceTest" time="0"/>
  <testcase name="rollReturnsValuesGreaterThanOrEqualToMinRoll[32]" classname="com.qub.Technopoly.dice.RandomDiceTest" time="0"/>
  <testcase name="rollReturnsValuesGreaterThanOrEqualToMinRoll[33]" classname="com.qub.Technopoly.dice.RandomDiceTest" time="0"/>
  <testcase name="rollReturnsValuesGreaterThanOrEqualToMinRoll[34]" classname="com.qub.Technopoly.dice.RandomDiceTest" time="0"/>
  <testcase name="rollReturnsValuesGreaterThanOrEqualToMinRoll[35]" classname="com.qub.Technopoly.dice.RandomDiceTest" time="0.001"/>
  <testcase name="rollReturnsValuesGreaterThanOrEqualToMinRoll[36]" classname="com.qub.Technopoly.dice.RandomDiceTest" time="0"/>
  <testcase name="rollReturnsValuesGreaterThanOrEqualToMinRoll[37]" classname="com.qub.Technopoly.dice.RandomDiceTest" time="0"/>
  <testcase name="rollReturnsValuesGreaterThanOrEqualToMinRoll[38]" classname="com.qub.Technopoly.dice.RandomDiceTest" time="0"/>
  <testcase name="rollReturnsValuesGreaterThanOrEqualToMinRoll[39]" classname="com.qub.Technopoly.dice.RandomDiceTest" time="0"/>
  <testcase name="rollReturnsValuesGreaterThanOrEqualToMinRoll[40]" classname="com.qub.Technopoly.dice.RandomDiceTest" time="0"/>
  <testcase name="rollReturnsValuesGreaterThanOrEqualToMinRoll[41]" classname="com.qub.Technopoly.dice.RandomDiceTest" time="0"/>
  <testcase name="rollReturnsValuesGreaterThanOrEqualToMinRoll[42]" classname="com.qub.Technopoly.dice.RandomDiceTest" time="0"/>
  <testcase name="rollReturnsValuesGreaterThanOrEqualToMinRoll[43]" classname="com.qub.Technopoly.dice.RandomDiceTest" time="0.001"/>
  <testcase name="rollReturnsValuesGreaterThanOrEqualToMinRoll[44]" classname="com.qub.Technopoly.dice.RandomDiceTest" time="0"/>
  <testcase name="rollReturnsValuesGreaterThanOrEqualToMinRoll[45]" classname="com.qub.Technopoly.dice.RandomDiceTest" time="0"/>
  <testcase name="rollReturnsValuesGreaterThanOrEqualToMinRoll[46]" classname="com.qub.Technopoly.dice.RandomDiceTest" time="0.001"/>
  <testcase name="rollReturnsValuesGreaterThanOrEqualToMinRoll[47]" classname="com.qub.Technopoly.dice.RandomDiceTest" time="0"/>
  <testcase name="rollReturnsValuesGreaterThanOrEqualToMinRoll[48]" classname="com.qub.Technopoly.dice.RandomDiceTest" time="0"/>
  <testcase name="rollReturnsValuesGreaterThanOrEqualToMinRoll[49]" classname="com.qub.Technopoly.dice.RandomDiceTest" time="0"/>
  <testcase name="rollReturnsValuesGreaterThanOrEqualToMinRoll[50]" classname="com.qub.Technopoly.dice.RandomDiceTest" time="0"/>
  <testcase name="rollReturnsValuesGreaterThanOrEqualToMinRoll[51]" classname="com.qub.Technopoly.dice.RandomDiceTest" time="0"/>
  <testcase name="rollReturnsValuesGreaterThanOrEqualToMinRoll[52]" classname="com.qub.Technopoly.dice.RandomDiceTest" time="0.001"/>
  <testcase name="rollReturnsValuesGreaterThanOrEqualToMinRoll[53]" classname="com.qub.Technopoly.dice.RandomDiceTest" time="0"/>
  <testcase name="rollReturnsValuesGreaterThanOrEqualToMinRoll[54]" classname="com.qub.Technopoly.dice.RandomDiceTest" time="0"/>
  <testcase name="rollReturnsValuesGreaterThanOrEqualToMinRoll[55]" classname="com.qub.Technopoly.dice.RandomDiceTest" time="0"/>
  <testcase name="rollReturnsValuesGreaterThanOrEqualToMinRoll[56]" classname="com.qub.Technopoly.dice.RandomDiceTest" time="0"/>
  <testcase name="rollReturnsValuesGreaterThanOrEqualToMinRoll[57]" classname="com.qub.Technopoly.dice.RandomDiceTest" time="0"/>
  <testcase name="rollReturnsValuesGreaterThanOrEqualToMinRoll[58]" classname="com.qub.Technopoly.dice.RandomDiceTest" time="0"/>
  <testcase name="rollReturnsValuesGreaterThanOrEqualToMinRoll[59]" classname="com.qub.Technopoly.dice.RandomDiceTest" time="0"/>
  <testcase name="rollReturnsValuesGreaterThanOrEqualToMinRoll[60]" classname="com.qub.Technopoly.dice.RandomDiceTest" time="0"/>
  <testcase name="rollReturnsValuesGreaterThanOrEqualToMinRoll[61]" classname="com.qub.Technopoly.dice.RandomDiceTest" time="0"/>
  <testcase name="rollReturnsValuesGreaterThanOrEqualToMinRoll[62]" classname="com.qub.Technopoly.dice.RandomDiceTest" time="0"/>
  <testcase name="rollReturnsValuesGreaterThanOrEqualToMinRoll[63]" classname="com.qub.Technopoly.dice.RandomDiceTest" time="0"/>
  <testcase name="rollReturnsValuesGreaterThanOrEqualToMinRoll[64]" classname="com.qub.Technopoly.dice.RandomDiceTest" time="0"/>
  <testcase name="rollReturnsValuesGreaterThanOrEqualToMinRoll[65]" classname="com.qub.Technopoly.dice.RandomDiceTest" time="0"/>
  <testcase name="rollReturnsValuesGreaterThanOrEqualToMinRoll[66]" classname="com.qub.Technopoly.dice.RandomDiceTest" time="0"/>
  <testcase name="rollReturnsValuesGreaterThanOrEqualToMinRoll[67]" classname="com.qub.Technopoly.dice.RandomDiceTest" time="0"/>
  <testcase name="rollReturnsValuesGreaterThanOrEqualToMinRoll[68]" classname="com.qub.Technopoly.dice.RandomDiceTest" time="0"/>
  <testcase name="rollReturnsValuesGreaterThanOrEqualToMinRoll[69]" classname="com.qub.Technopoly.dice.RandomDiceTest" time="0.001"/>
  <testcase name="rollReturnsValuesGreaterThanOrEqualToMinRoll[70]" classname="com.qub.Technopoly.dice.RandomDiceTest" time="0"/>
  <testcase name="rollReturnsValuesGreaterThanOrEqualToMinRoll[71]" classname="com.qub.Technopoly.dice.RandomDiceTest" time="0"/>
  <testcase name="rollReturnsValuesGreaterThanOrEqualToMinRoll[72]" classname="com.qub.Technopoly.dice.RandomDiceTest" time="0"/>
  <testcase name="rollReturnsValuesGreaterThanOrEqualToMinRoll[73]" classname="com.qub.Technopoly.dice.RandomDiceTest" time="0"/>
  <testcase name="rollReturnsValuesGreaterThanOrEqualToMinRoll[74]" classname="com.qub.Technopoly.dice.RandomDiceTest" time="0"/>
  <testcase name="rollReturnsValuesGreaterThanOrEqualToMinRoll[75]" classname="com.qub.Technopoly.dice.RandomDiceTest" time="0"/>
  <testcase name="rollReturnsValuesGreaterThanOrEqualToMinRoll[76]" classname="com.qub.Technopoly.dice.RandomDiceTest" time="0"/>
  <testcase name="rollReturnsValuesGreaterThanOrEqualToMinRoll[77]" classname="com.qub.Technopoly.dice.RandomDiceTest" time="0"/>
  <testcase name="rollReturnsValuesGreaterThanOrEqualToMinRoll[78]" classname="com.qub.Technopoly.dice.RandomDiceTest" time="0"/>
  <testcase name="rollReturnsValuesGreaterThanOrEqualToMinRoll[79]" classname="com.qub.Technopoly.dice.RandomDiceTest" time="0"/>
  <testcase name="rollReturnsValuesGreaterThanOrEqualToMinRoll[80]" classname="com.qub.Technopoly.dice.RandomDiceTest" time="0.001"/>
  <testcase name="rollReturnsValuesGreaterThanOrEqualToMinRoll[81]" classname="com.qub.Technopoly.dice.RandomDiceTest" time="0"/>
  <testcase name="rollReturnsValuesGreaterThanOrEqualToMinRoll[82]" classname="com.qub.Technopoly.dice.RandomDiceTest" time="0"/>
  <testcase name="rollReturnsValuesGreaterThanOrEqualToMinRoll[83]" classname="com.qub.Technopoly.dice.RandomDiceTest" time="0"/>
  <testcase name="rollReturnsValuesGreaterThanOrEqualToMinRoll[84]" classname="com.qub.Technopoly.dice.RandomDiceTest" time="0"/>
  <testcase name="rollReturnsValuesGreaterThanOrEqualToMinRoll[85]" classname="com.qub.Technopoly.dice.RandomDiceTest" time="0"/>
  <testcase name="rollReturnsValuesGreaterThanOrEqualToMinRoll[86]" classname="com.qub.Technopoly.dice.RandomDiceTest" time="0"/>
  <testcase name="rollReturnsValuesGreaterThanOrEqualToMinRoll[87]" classname="com.qub.Technopoly.dice.RandomDiceTest" time="0"/>
  <testcase name="rollReturnsValuesGreaterThanOrEqualToMinRoll[88]" classname="com.qub.Technopoly.dice.RandomDiceTest" time="0"/>
  <testcase name="rollReturnsValuesGreaterThanOrEqualToMinRoll[89]" classname="com.qub.Technopoly.dice.RandomDiceTest" time="0"/>
  <testcase name="rollReturnsValuesGreaterThanOrEqualToMinRoll[90]" classname="com.qub.Technopoly.dice.RandomDiceTest" time="0"/>
  <testcase name="rollReturnsValuesGreaterThanOrEqualToMinRoll[91]" classname="com.qub.Technopoly.dice.RandomDiceTest" time="0.001"/>
  <testcase name="rollReturnsValuesGreaterThanOrEqualToMinRoll[92]" classname="com.qub.Technopoly.dice.RandomDiceTest" time="0"/>
  <testcase name="rollReturnsValuesGreaterThanOrEqualToMinRoll[93]" classname="com.qub.Technopoly.dice.RandomDiceTest" time="0"/>
  <testcase name="rollReturnsValuesGreaterThanOrEqualToMinRoll[94]" classname="com.qub.Technopoly.dice.RandomDiceTest" time="0"/>
  <testcase name="rollReturnsValuesGreaterThanOrEqualToMinRoll[95]" classname="com.qub.Technopoly.dice.RandomDiceTest" time="0"/>
  <testcase name="rollReturnsValuesGreaterThanOrEqualToMinRoll[96]" classname="com.qub.Technopoly.dice.RandomDiceTest" time="0"/>
  <testcase name="rollReturnsValuesGreaterThanOrEqualToMinRoll[97]" classname="com.qub.Technopoly.dice.RandomDiceTest" time="0"/>
  <testcase name="rollReturnsValuesGreaterThanOrEqualToMinRoll[98]" classname="com.qub.Technopoly.dice.RandomDiceTest" time="0"/>
  <testcase name="rollReturnsValuesGreaterThanOrEqualToMinRoll[99]" classname="com.qub.Technopoly.dice.RandomDiceTest" time="0"/>
  <testcase name="rollReturnsValuesGreaterThanOrEqualToMinRoll[100]" classname="com.qub.Technopoly.dice.RandomDiceTest" time="0"/>
</testsuite>